The system is: Linux - 4.4.0-21-generic - x86_64
Compiling the C compiler identification source file "CMakeCCompilerId.c" succeeded.
Compiler: /usr/bin/cc 
Build flags: 
Id flags: 

The output was:
0


Compilation of the C compiler identification source "CMakeCCompilerId.c" produced "a.out"

The C compiler identification is GNU, found in "/home/sunbaiwan9527/test/0816/CMVS-PMVS-master/program/out/CMakeFiles/3.5.1/CompilerIdC/a.out"

Compiling the CXX compiler identification source file "CMakeCXXCompilerId.cpp" succeeded.
Compiler: /usr/bin/c++ 
Build flags: 
Id flags: 

The output was:
0


Compilation of the CXX compiler identification source "CMakeCXXCompilerId.cpp" produced "a.out"

The CXX compiler identification is GNU, found in "/home/sunbaiwan9527/test/0816/CMVS-PMVS-master/program/out/CMakeFiles/3.5.1/CompilerIdCXX/a.out"

Determining if the C compiler works passed with the following output:
Change Dir: /home/sunbaiwan9527/test/0816/CMVS-PMVS-master/program/out/CMakeFiles/CMakeTmp

Run Build Command:"/usr/bin/make" "cmTC_cbeac/fast"
/usr/bin/make -f CMakeFiles/cmTC_cbeac.dir/build.make CMakeFiles/cmTC_cbeac.dir/build
make[1]: Entering directory '/home/sunbaiwan9527/test/0816/CMVS-PMVS-master/program/out/CMakeFiles/CMakeTmp'
Building C object CMakeFiles/cmTC_cbeac.dir/testCCompiler.c.o
/usr/bin/cc     -o CMakeFiles/cmTC_cbeac.dir/testCCompiler.c.o   -c /home/sunbaiwan9527/test/0816/CMVS-PMVS-master/program/out/CMakeFiles/CMakeTmp/testCCompiler.c
Linking C executable cmTC_cbeac
/usr/bin/cmake -E cmake_link_script CMakeFiles/cmTC_cbeac.dir/link.txt --verbose=1
/usr/bin/cc       CMakeFiles/cmTC_cbeac.dir/testCCompiler.c.o  -o cmTC_cbeac -rdynamic 
make[1]: Leaving directory '/home/sunbaiwan9527/test/0816/CMVS-PMVS-master/program/out/CMakeFiles/CMakeTmp'


Detecting C compiler ABI info compiled with the following output:
Change Dir: /home/sunbaiwan9527/test/0816/CMVS-PMVS-master/program/out/CMakeFiles/CMakeTmp

Run Build Command:"/usr/bin/make" "cmTC_9d95e/fast"
/usr/bin/make -f CMakeFiles/cmTC_9d95e.dir/build.make CMakeFiles/cmTC_9d95e.dir/build
make[1]: Entering directory '/home/sunbaiwan9527/test/0816/CMVS-PMVS-master/program/out/CMakeFiles/CMakeTmp'
Building C object CMakeFiles/cmTC_9d95e.dir/CMakeCCompilerABI.c.o
/usr/bin/cc     -o CMakeFiles/cmTC_9d95e.dir/CMakeCCompilerABI.c.o   -c /usr/share/cmake-3.5/Modules/CMakeCCompilerABI.c
Linking C executable cmTC_9d95e
/usr/bin/cmake -E cmake_link_script CMakeFiles/cmTC_9d95e.dir/link.txt --verbose=1
/usr/bin/cc      -v CMakeFiles/cmTC_9d95e.dir/CMakeCCompilerABI.c.o  -o cmTC_9d95e -rdynamic  
Using built-in specs.
COLLECT_GCC=/usr/bin/cc
COLLECT_LTO_WRAPPER=/usr/lib/gcc/x86_64-linux-gnu/5/lto-wrapper
Target: x86_64-linux-gnu
Configured with: ../src/configure -v --with-pkgversion='Ubuntu 5.4.0-6ubuntu1~16.04.2' --with-bugurl=file:///usr/share/doc/gcc-5/README.Bugs --enable-languages=c,ada,c++,java,go,d,fortran,objc,obj-c++ --prefix=/usr --program-suffix=-5 --enable-shared --enable-linker-build-id --libexecdir=/usr/lib --without-included-gettext --enable-threads=posix --libdir=/usr/lib --enable-nls --with-sysroot=/ --enable-clocale=gnu --enable-libstdcxx-debug --enable-libstdcxx-time=yes --with-default-libstdcxx-abi=new --enable-gnu-unique-object --disable-vtable-verify --enable-libmpx --enable-plugin --with-system-zlib --disable-browser-plugin --enable-java-awt=gtk --enable-gtk-cairo --with-java-home=/usr/lib/jvm/java-1.5.0-gcj-5-amd64/jre --enable-java-home --with-jvm-root-dir=/usr/lib/jvm/java-1.5.0-gcj-5-amd64 --with-jvm-jar-dir=/usr/lib/jvm-exports/java-1.5.0-gcj-5-amd64 --with-arch-directory=amd64 --with-ecj-jar=/usr/share/java/eclipse-ecj.jar --enable-objc-gc --enable-multiarch --disable-werror --with-arch-32=i686 --with-abi=m64 --with-multilib-list=m32,m64,mx32 --enable-multilib --with-tune=generic --enable-checking=release --build=x86_64-linux-gnu --host=x86_64-linux-gnu --target=x86_64-linux-gnu
Thread model: posix
gcc version 5.4.0 20160609 (Ubuntu 5.4.0-6ubuntu1~16.04.2) 
COMPILER_PATH=/usr/lib/gcc/x86_64-linux-gnu/5/:/usr/lib/gcc/x86_64-linux-gnu/5/:/usr/lib/gcc/x86_64-linux-gnu/:/usr/lib/gcc/x86_64-linux-gnu/5/:/usr/lib/gcc/x86_64-linux-gnu/
LIBRARY_PATH=/usr/lib/gcc/x86_64-linux-gnu/5/:/usr/lib/gcc/x86_64-linux-gnu/5/../../../x86_64-linux-gnu/:/usr/lib/gcc/x86_64-linux-gnu/5/../../../../lib/:/lib/x86_64-linux-gnu/:/lib/../lib/:/usr/lib/x86_64-linux-gnu/:/usr/lib/../lib/:/usr/lib/gcc/x86_64-linux-gnu/5/../../../:/lib/:/usr/lib/
COLLECT_GCC_OPTIONS='-v' '-o' 'cmTC_9d95e' '-rdynamic' '-mtune=generic' '-march=x86-64'
 /usr/lib/gcc/x86_64-linux-gnu/5/collect2 -plugin /usr/lib/gcc/x86_64-linux-gnu/5/liblto_plugin.so -plugin-opt=/usr/lib/gcc/x86_64-linux-gnu/5/lto-wrapper -plugin-opt=-fresolution=/tmp/ccx0FKWX.res -plugin-opt=-pass-through=-lgcc -plugin-opt=-pass-through=-lgcc_s -plugin-opt=-pass-through=-lc -plugin-opt=-pass-through=-lgcc -plugin-opt=-pass-through=-lgcc_s --sysroot=/ --build-id --eh-frame-hdr -m elf_x86_64 --hash-style=gnu --as-needed -export-dynamic -dynamic-linker /lib64/ld-linux-x86-64.so.2 -z relro -o cmTC_9d95e /usr/lib/gcc/x86_64-linux-gnu/5/../../../x86_64-linux-gnu/crt1.o /usr/lib/gcc/x86_64-linux-gnu/5/../../../x86_64-linux-gnu/crti.o /usr/lib/gcc/x86_64-linux-gnu/5/crtbegin.o -L/usr/lib/gcc/x86_64-linux-gnu/5 -L/usr/lib/gcc/x86_64-linux-gnu/5/../../../x86_64-linux-gnu -L/usr/lib/gcc/x86_64-linux-gnu/5/../../../../lib -L/lib/x86_64-linux-gnu -L/lib/../lib -L/usr/lib/x86_64-linux-gnu -L/usr/lib/../lib -L/usr/lib/gcc/x86_64-linux-gnu/5/../../.. CMakeFiles/cmTC_9d95e.dir/CMakeCCompilerABI.c.o -lgcc --as-needed -lgcc_s --no-as-needed -lc -lgcc --as-needed -lgcc_s --no-as-needed /usr/lib/gcc/x86_64-linux-gnu/5/crtend.o /usr/lib/gcc/x86_64-linux-gnu/5/../../../x86_64-linux-gnu/crtn.o
make[1]: Leaving directory '/home/sunbaiwan9527/test/0816/CMVS-PMVS-master/program/out/CMakeFiles/CMakeTmp'


Parsed C implicit link information from above output:
  link line regex: [^( *|.*[/\])(ld|([^/\]+-)?ld|collect2)[^/\]*( |$)]
  ignore line: [Change Dir: /home/sunbaiwan9527/test/0816/CMVS-PMVS-master/program/out/CMakeFiles/CMakeTmp]
  ignore line: []
  ignore line: [Run Build Command:"/usr/bin/make" "cmTC_9d95e/fast"]
  ignore line: [/usr/bin/make -f CMakeFiles/cmTC_9d95e.dir/build.make CMakeFiles/cmTC_9d95e.dir/build]
  ignore line: [make[1]: Entering directory '/home/sunbaiwan9527/test/0816/CMVS-PMVS-master/program/out/CMakeFiles/CMakeTmp']
  ignore line: [Building C object CMakeFiles/cmTC_9d95e.dir/CMakeCCompilerABI.c.o]
  ignore line: [/usr/bin/cc     -o CMakeFiles/cmTC_9d95e.dir/CMakeCCompilerABI.c.o   -c /usr/share/cmake-3.5/Modules/CMakeCCompilerABI.c]
  ignore line: [Linking C executable cmTC_9d95e]
  ignore line: [/usr/bin/cmake -E cmake_link_script CMakeFiles/cmTC_9d95e.dir/link.txt --verbose=1]
  ignore line: [/usr/bin/cc      -v CMakeFiles/cmTC_9d95e.dir/CMakeCCompilerABI.c.o  -o cmTC_9d95e -rdynamic  ]
  ignore line: [Using built-in specs.]
  ignore line: [COLLECT_GCC=/usr/bin/cc]
  ignore line: [COLLECT_LTO_WRAPPER=/usr/lib/gcc/x86_64-linux-gnu/5/lto-wrapper]
  ignore line: [Target: x86_64-linux-gnu]
  ignore line: [Configured with: ../src/configure -v --with-pkgversion='Ubuntu 5.4.0-6ubuntu1~16.04.2' --with-bugurl=file:///usr/share/doc/gcc-5/README.Bugs --enable-languages=c,ada,c++,java,go,d,fortran,objc,obj-c++ --prefix=/usr --program-suffix=-5 --enable-shared --enable-linker-build-id --libexecdir=/usr/lib --without-included-gettext --enable-threads=posix --libdir=/usr/lib --enable-nls --with-sysroot=/ --enable-clocale=gnu --enable-libstdcxx-debug --enable-libstdcxx-time=yes --with-default-libstdcxx-abi=new --enable-gnu-unique-object --disable-vtable-verify --enable-libmpx --enable-plugin --with-system-zlib --disable-browser-plugin --enable-java-awt=gtk --enable-gtk-cairo --with-java-home=/usr/lib/jvm/java-1.5.0-gcj-5-amd64/jre --enable-java-home --with-jvm-root-dir=/usr/lib/jvm/java-1.5.0-gcj-5-amd64 --with-jvm-jar-dir=/usr/lib/jvm-exports/java-1.5.0-gcj-5-amd64 --with-arch-directory=amd64 --with-ecj-jar=/usr/share/java/eclipse-ecj.jar --enable-objc-gc --enable-multiarch --disable-werror --with-arch-32=i686 --with-abi=m64 --with-multilib-list=m32,m64,mx32 --enable-multilib --with-tune=generic --enable-checking=release --build=x86_64-linux-gnu --host=x86_64-linux-gnu --target=x86_64-linux-gnu]
  ignore line: [Thread model: posix]
  ignore line: [gcc version 5.4.0 20160609 (Ubuntu 5.4.0-6ubuntu1~16.04.2) ]
  ignore line: [COMPILER_PATH=/usr/lib/gcc/x86_64-linux-gnu/5/:/usr/lib/gcc/x86_64-linux-gnu/5/:/usr/lib/gcc/x86_64-linux-gnu/:/usr/lib/gcc/x86_64-linux-gnu/5/:/usr/lib/gcc/x86_64-linux-gnu/]
  ignore line: [LIBRARY_PATH=/usr/lib/gcc/x86_64-linux-gnu/5/:/usr/lib/gcc/x86_64-linux-gnu/5/../../../x86_64-linux-gnu/:/usr/lib/gcc/x86_64-linux-gnu/5/../../../../lib/:/lib/x86_64-linux-gnu/:/lib/../lib/:/usr/lib/x86_64-linux-gnu/:/usr/lib/../lib/:/usr/lib/gcc/x86_64-linux-gnu/5/../../../:/lib/:/usr/lib/]
  ignore line: [COLLECT_GCC_OPTIONS='-v' '-o' 'cmTC_9d95e' '-rdynamic' '-mtune=generic' '-march=x86-64']
  link line: [ /usr/lib/gcc/x86_64-linux-gnu/5/collect2 -plugin /usr/lib/gcc/x86_64-linux-gnu/5/liblto_plugin.so -plugin-opt=/usr/lib/gcc/x86_64-linux-gnu/5/lto-wrapper -plugin-opt=-fresolution=/tmp/ccx0FKWX.res -plugin-opt=-pass-through=-lgcc -plugin-opt=-pass-through=-lgcc_s -plugin-opt=-pass-through=-lc -plugin-opt=-pass-through=-lgcc -plugin-opt=-pass-through=-lgcc_s --sysroot=/ --build-id --eh-frame-hdr -m elf_x86_64 --hash-style=gnu --as-needed -export-dynamic -dynamic-linker /lib64/ld-linux-x86-64.so.2 -z relro -o cmTC_9d95e /usr/lib/gcc/x86_64-linux-gnu/5/../../../x86_64-linux-gnu/crt1.o /usr/lib/gcc/x86_64-linux-gnu/5/../../../x86_64-linux-gnu/crti.o /usr/lib/gcc/x86_64-linux-gnu/5/crtbegin.o -L/usr/lib/gcc/x86_64-linux-gnu/5 -L/usr/lib/gcc/x86_64-linux-gnu/5/../../../x86_64-linux-gnu -L/usr/lib/gcc/x86_64-linux-gnu/5/../../../../lib -L/lib/x86_64-linux-gnu -L/lib/../lib -L/usr/lib/x86_64-linux-gnu -L/usr/lib/../lib -L/usr/lib/gcc/x86_64-linux-gnu/5/../../.. CMakeFiles/cmTC_9d95e.dir/CMakeCCompilerABI.c.o -lgcc --as-needed -lgcc_s --no-as-needed -lc -lgcc --as-needed -lgcc_s --no-as-needed /usr/lib/gcc/x86_64-linux-gnu/5/crtend.o /usr/lib/gcc/x86_64-linux-gnu/5/../../../x86_64-linux-gnu/crtn.o]
    arg [/usr/lib/gcc/x86_64-linux-gnu/5/collect2] ==> ignore
    arg [-plugin] ==> ignore
    arg [/usr/lib/gcc/x86_64-linux-gnu/5/liblto_plugin.so] ==> ignore
    arg [-plugin-opt=/usr/lib/gcc/x86_64-linux-gnu/5/lto-wrapper] ==> ignore
    arg [-plugin-opt=-fresolution=/tmp/ccx0FKWX.res] ==> ignore
    arg [-plugin-opt=-pass-through=-lgcc] ==> ignore
    arg [-plugin-opt=-pass-through=-lgcc_s] ==> ignore
    arg [-plugin-opt=-pass-through=-lc] ==> ignore
    arg [-plugin-opt=-pass-through=-lgcc] ==> ignore
    arg [-plugin-opt=-pass-through=-lgcc_s] ==> ignore
    arg [--sysroot=/] ==> ignore
    arg [--build-id] ==> ignore
    arg [--eh-frame-hdr] ==> ignore
    arg [-m] ==> ignore
    arg [elf_x86_64] ==> ignore
    arg [--hash-style=gnu] ==> ignore
    arg [--as-needed] ==> ignore
    arg [-export-dynamic] ==> ignore
    arg [-dynamic-linker] ==> ignore
    arg [/lib64/ld-linux-x86-64.so.2] ==> ignore
    arg [-zrelro] ==> ignore
    arg [-o] ==> ignore
    arg [cmTC_9d95e] ==> ignore
    arg [/usr/lib/gcc/x86_64-linux-gnu/5/../../../x86_64-linux-gnu/crt1.o] ==> ignore
    arg [/usr/lib/gcc/x86_64-linux-gnu/5/../../../x86_64-linux-gnu/crti.o] ==> ignore
    arg [/usr/lib/gcc/x86_64-linux-gnu/5/crtbegin.o] ==> ignore
    arg [-L/usr/lib/gcc/x86_64-linux-gnu/5] ==> dir [/usr/lib/gcc/x86_64-linux-gnu/5]
    arg [-L/usr/lib/gcc/x86_64-linux-gnu/5/../../../x86_64-linux-gnu] ==> dir [/usr/lib/gcc/x86_64-linux-gnu/5/../../../x86_64-linux-gnu]
    arg [-L/usr/lib/gcc/x86_64-linux-gnu/5/../../../../lib] ==> dir [/usr/lib/gcc/x86_64-linux-gnu/5/../../../../lib]
    arg [-L/lib/x86_64-linux-gnu] ==> dir [/lib/x86_64-linux-gnu]
    arg [-L/lib/../lib] ==> dir [/lib/../lib]
    arg [-L/usr/lib/x86_64-linux-gnu] ==> dir [/usr/lib/x86_64-linux-gnu]
    arg [-L/usr/lib/../lib] ==> dir [/usr/lib/../lib]
    arg [-L/usr/lib/gcc/x86_64-linux-gnu/5/../../..] ==> dir [/usr/lib/gcc/x86_64-linux-gnu/5/../../..]
    arg [CMakeFiles/cmTC_9d95e.dir/CMakeCCompilerABI.c.o] ==> ignore
    arg [-lgcc] ==> lib [gcc]
    arg [--as-needed] ==> ignore
    arg [-lgcc_s] ==> lib [gcc_s]
    arg [--no-as-needed] ==> ignore
    arg [-lc] ==> lib [c]
    arg [-lgcc] ==> lib [gcc]
    arg [--as-needed] ==> ignore
    arg [-lgcc_s] ==> lib [gcc_s]
    arg [--no-as-needed] ==> ignore
    arg [/usr/lib/gcc/x86_64-linux-gnu/5/crtend.o] ==> ignore
    arg [/usr/lib/gcc/x86_64-linux-gnu/5/../../../x86_64-linux-gnu/crtn.o] ==> ignore
  remove lib [gcc]
  remove lib [gcc_s]
  remove lib [gcc]
  remove lib [gcc_s]
  collapse library dir [/usr/lib/gcc/x86_64-linux-gnu/5] ==> [/usr/lib/gcc/x86_64-linux-gnu/5]
  collapse library dir [/usr/lib/gcc/x86_64-linux-gnu/5/../../../x86_64-linux-gnu] ==> [/usr/lib/x86_64-linux-gnu]
  collapse library dir [/usr/lib/gcc/x86_64-linux-gnu/5/../../../../lib] ==> [/usr/lib]
  collapse library dir [/lib/x86_64-linux-gnu] ==> [/lib/x86_64-linux-gnu]
  collapse library dir [/lib/../lib] ==> [/lib]
  collapse library dir [/usr/lib/x86_64-linux-gnu] ==> [/usr/lib/x86_64-linux-gnu]
  collapse library dir [/usr/lib/../lib] ==> [/usr/lib]
  collapse library dir [/usr/lib/gcc/x86_64-linux-gnu/5/../../..] ==> [/usr/lib]
  implicit libs: [c]
  implicit dirs: [/usr/lib/gcc/x86_64-linux-gnu/5;/usr/lib/x86_64-linux-gnu;/usr/lib;/lib/x86_64-linux-gnu;/lib]
  implicit fwks: []




Detecting C [-std=c11] compiler features compiled with the following output:
Change Dir: /home/sunbaiwan9527/test/0816/CMVS-PMVS-master/program/out/CMakeFiles/CMakeTmp

Run Build Command:"/usr/bin/make" "cmTC_c6f62/fast"
/usr/bin/make -f CMakeFiles/cmTC_c6f62.dir/build.make CMakeFiles/cmTC_c6f62.dir/build
make[1]: Entering directory '/home/sunbaiwan9527/test/0816/CMVS-PMVS-master/program/out/CMakeFiles/CMakeTmp'
Building C object CMakeFiles/cmTC_c6f62.dir/feature_tests.c.o
/usr/bin/cc    -std=c11 -o CMakeFiles/cmTC_c6f62.dir/feature_tests.c.o   -c /home/sunbaiwan9527/test/0816/CMVS-PMVS-master/program/out/CMakeFiles/feature_tests.c
Linking C executable cmTC_c6f62
/usr/bin/cmake -E cmake_link_script CMakeFiles/cmTC_c6f62.dir/link.txt --verbose=1
/usr/bin/cc       CMakeFiles/cmTC_c6f62.dir/feature_tests.c.o  -o cmTC_c6f62 -rdynamic 
make[1]: Leaving directory '/home/sunbaiwan9527/test/0816/CMVS-PMVS-master/program/out/CMakeFiles/CMakeTmp'


    Feature record: C_FEATURE:1c_function_prototypes
    Feature record: C_FEATURE:1c_restrict
    Feature record: C_FEATURE:1c_static_assert
    Feature record: C_FEATURE:1c_variadic_macros


Detecting C [-std=c99] compiler features compiled with the following output:
Change Dir: /home/sunbaiwan9527/test/0816/CMVS-PMVS-master/program/out/CMakeFiles/CMakeTmp

Run Build Command:"/usr/bin/make" "cmTC_9567b/fast"
/usr/bin/make -f CMakeFiles/cmTC_9567b.dir/build.make CMakeFiles/cmTC_9567b.dir/build
make[1]: Entering directory '/home/sunbaiwan9527/test/0816/CMVS-PMVS-master/program/out/CMakeFiles/CMakeTmp'
Building C object CMakeFiles/cmTC_9567b.dir/feature_tests.c.o
/usr/bin/cc    -std=c99 -o CMakeFiles/cmTC_9567b.dir/feature_tests.c.o   -c /home/sunbaiwan9527/test/0816/CMVS-PMVS-master/program/out/CMakeFiles/feature_tests.c
Linking C executable cmTC_9567b
/usr/bin/cmake -E cmake_link_script CMakeFiles/cmTC_9567b.dir/link.txt --verbose=1
/usr/bin/cc       CMakeFiles/cmTC_9567b.dir/feature_tests.c.o  -o cmTC_9567b -rdynamic 
make[1]: Leaving directory '/home/sunbaiwan9527/test/0816/CMVS-PMVS-master/program/out/CMakeFiles/CMakeTmp'


    Feature record: C_FEATURE:1c_function_prototypes
    Feature record: C_FEATURE:1c_restrict
    Feature record: C_FEATURE:0c_static_assert
    Feature record: C_FEATURE:1c_variadic_macros


Detecting C [-std=c90] compiler features compiled with the following output:
Change Dir: /home/sunbaiwan9527/test/0816/CMVS-PMVS-master/program/out/CMakeFiles/CMakeTmp

Run Build Command:"/usr/bin/make" "cmTC_cf043/fast"
/usr/bin/make -f CMakeFiles/cmTC_cf043.dir/build.make CMakeFiles/cmTC_cf043.dir/build
make[1]: Entering directory '/home/sunbaiwan9527/test/0816/CMVS-PMVS-master/program/out/CMakeFiles/CMakeTmp'
Building C object CMakeFiles/cmTC_cf043.dir/feature_tests.c.o
/usr/bin/cc    -std=c90 -o CMakeFiles/cmTC_cf043.dir/feature_tests.c.o   -c /home/sunbaiwan9527/test/0816/CMVS-PMVS-master/program/out/CMakeFiles/feature_tests.c
Linking C executable cmTC_cf043
/usr/bin/cmake -E cmake_link_script CMakeFiles/cmTC_cf043.dir/link.txt --verbose=1
/usr/bin/cc       CMakeFiles/cmTC_cf043.dir/feature_tests.c.o  -o cmTC_cf043 -rdynamic 
make[1]: Leaving directory '/home/sunbaiwan9527/test/0816/CMVS-PMVS-master/program/out/CMakeFiles/CMakeTmp'


    Feature record: C_FEATURE:1c_function_prototypes
    Feature record: C_FEATURE:0c_restrict
    Feature record: C_FEATURE:0c_static_assert
    Feature record: C_FEATURE:0c_variadic_macros
Determining if the CXX compiler works passed with the following output:
Change Dir: /home/sunbaiwan9527/test/0816/CMVS-PMVS-master/program/out/CMakeFiles/CMakeTmp

Run Build Command:"/usr/bin/make" "cmTC_6571a/fast"
/usr/bin/make -f CMakeFiles/cmTC_6571a.dir/build.make CMakeFiles/cmTC_6571a.dir/build
make[1]: Entering directory '/home/sunbaiwan9527/test/0816/CMVS-PMVS-master/program/out/CMakeFiles/CMakeTmp'
Building CXX object CMakeFiles/cmTC_6571a.dir/testCXXCompiler.cxx.o
/usr/bin/c++      -o CMakeFiles/cmTC_6571a.dir/testCXXCompiler.cxx.o -c /home/sunbaiwan9527/test/0816/CMVS-PMVS-master/program/out/CMakeFiles/CMakeTmp/testCXXCompiler.cxx
Linking CXX executable cmTC_6571a
/usr/bin/cmake -E cmake_link_script CMakeFiles/cmTC_6571a.dir/link.txt --verbose=1
/usr/bin/c++        CMakeFiles/cmTC_6571a.dir/testCXXCompiler.cxx.o  -o cmTC_6571a -rdynamic 
make[1]: Leaving directory '/home/sunbaiwan9527/test/0816/CMVS-PMVS-master/program/out/CMakeFiles/CMakeTmp'


Detecting CXX compiler ABI info compiled with the following output:
Change Dir: /home/sunbaiwan9527/test/0816/CMVS-PMVS-master/program/out/CMakeFiles/CMakeTmp

Run Build Command:"/usr/bin/make" "cmTC_04afe/fast"
/usr/bin/make -f CMakeFiles/cmTC_04afe.dir/build.make CMakeFiles/cmTC_04afe.dir/build
make[1]: Entering directory '/home/sunbaiwan9527/test/0816/CMVS-PMVS-master/program/out/CMakeFiles/CMakeTmp'
Building CXX object CMakeFiles/cmTC_04afe.dir/CMakeCXXCompilerABI.cpp.o
/usr/bin/c++      -o CMakeFiles/cmTC_04afe.dir/CMakeCXXCompilerABI.cpp.o -c /usr/share/cmake-3.5/Modules/CMakeCXXCompilerABI.cpp
Linking CXX executable cmTC_04afe
/usr/bin/cmake -E cmake_link_script CMakeFiles/cmTC_04afe.dir/link.txt --verbose=1
/usr/bin/c++       -v CMakeFiles/cmTC_04afe.dir/CMakeCXXCompilerABI.cpp.o  -o cmTC_04afe -rdynamic  
Using built-in specs.
COLLECT_GCC=/usr/bin/c++
COLLECT_LTO_WRAPPER=/usr/lib/gcc/x86_64-linux-gnu/5/lto-wrapper
Target: x86_64-linux-gnu
Configured with: ../src/configure -v --with-pkgversion='Ubuntu 5.4.0-6ubuntu1~16.04.2' --with-bugurl=file:///usr/share/doc/gcc-5/README.Bugs --enable-languages=c,ada,c++,java,go,d,fortran,objc,obj-c++ --prefix=/usr --program-suffix=-5 --enable-shared --enable-linker-build-id --libexecdir=/usr/lib --without-included-gettext --enable-threads=posix --libdir=/usr/lib --enable-nls --with-sysroot=/ --enable-clocale=gnu --enable-libstdcxx-debug --enable-libstdcxx-time=yes --with-default-libstdcxx-abi=new --enable-gnu-unique-object --disable-vtable-verify --enable-libmpx --enable-plugin --with-system-zlib --disable-browser-plugin --enable-java-awt=gtk --enable-gtk-cairo --with-java-home=/usr/lib/jvm/java-1.5.0-gcj-5-amd64/jre --enable-java-home --with-jvm-root-dir=/usr/lib/jvm/java-1.5.0-gcj-5-amd64 --with-jvm-jar-dir=/usr/lib/jvm-exports/java-1.5.0-gcj-5-amd64 --with-arch-directory=amd64 --with-ecj-jar=/usr/share/java/eclipse-ecj.jar --enable-objc-gc --enable-multiarch --disable-werror --with-arch-32=i686 --with-abi=m64 --with-multilib-list=m32,m64,mx32 --enable-multilib --with-tune=generic --enable-checking=release --build=x86_64-linux-gnu --host=x86_64-linux-gnu --target=x86_64-linux-gnu
Thread model: posix
gcc version 5.4.0 20160609 (Ubuntu 5.4.0-6ubuntu1~16.04.2) 
COMPILER_PATH=/usr/lib/gcc/x86_64-linux-gnu/5/:/usr/lib/gcc/x86_64-linux-gnu/5/:/usr/lib/gcc/x86_64-linux-gnu/:/usr/lib/gcc/x86_64-linux-gnu/5/:/usr/lib/gcc/x86_64-linux-gnu/
LIBRARY_PATH=/usr/lib/gcc/x86_64-linux-gnu/5/:/usr/lib/gcc/x86_64-linux-gnu/5/../../../x86_64-linux-gnu/:/usr/lib/gcc/x86_64-linux-gnu/5/../../../../lib/:/lib/x86_64-linux-gnu/:/lib/../lib/:/usr/lib/x86_64-linux-gnu/:/usr/lib/../lib/:/usr/lib/gcc/x86_64-linux-gnu/5/../../../:/lib/:/usr/lib/
COLLECT_GCC_OPTIONS='-v' '-o' 'cmTC_04afe' '-rdynamic' '-shared-libgcc' '-mtune=generic' '-march=x86-64'
 /usr/lib/gcc/x86_64-linux-gnu/5/collect2 -plugin /usr/lib/gcc/x86_64-linux-gnu/5/liblto_plugin.so -plugin-opt=/usr/lib/gcc/x86_64-linux-gnu/5/lto-wrapper -plugin-opt=-fresolution=/tmp/ccZ3YSpd.res -plugin-opt=-pass-through=-lgcc_s -plugin-opt=-pass-through=-lgcc -plugin-opt=-pass-through=-lc -plugin-opt=-pass-through=-lgcc_s -plugin-opt=-pass-through=-lgcc --sysroot=/ --build-id --eh-frame-hdr -m elf_x86_64 --hash-style=gnu --as-needed -export-dynamic -dynamic-linker /lib64/ld-linux-x86-64.so.2 -z relro -o cmTC_04afe /usr/lib/gcc/x86_64-linux-gnu/5/../../../x86_64-linux-gnu/crt1.o /usr/lib/gcc/x86_64-linux-gnu/5/../../../x86_64-linux-gnu/crti.o /usr/lib/gcc/x86_64-linux-gnu/5/crtbegin.o -L/usr/lib/gcc/x86_64-linux-gnu/5 -L/usr/lib/gcc/x86_64-linux-gnu/5/../../../x86_64-linux-gnu -L/usr/lib/gcc/x86_64-linux-gnu/5/../../../../lib -L/lib/x86_64-linux-gnu -L/lib/../lib -L/usr/lib/x86_64-linux-gnu -L/usr/lib/../lib -L/usr/lib/gcc/x86_64-linux-gnu/5/../../.. CMakeFiles/cmTC_04afe.dir/CMakeCXXCompilerABI.cpp.o -lstdc++ -lm -lgcc_s -lgcc -lc -lgcc_s -lgcc /usr/lib/gcc/x86_64-linux-gnu/5/crtend.o /usr/lib/gcc/x86_64-linux-gnu/5/../../../x86_64-linux-gnu/crtn.o
make[1]: Leaving directory '/home/sunbaiwan9527/test/0816/CMVS-PMVS-master/program/out/CMakeFiles/CMakeTmp'


Parsed CXX implicit link information from above output:
  link line regex: [^( *|.*[/\])(ld|([^/\]+-)?ld|collect2)[^/\]*( |$)]
  ignore line: [Change Dir: /home/sunbaiwan9527/test/0816/CMVS-PMVS-master/program/out/CMakeFiles/CMakeTmp]
  ignore line: []
  ignore line: [Run Build Command:"/usr/bin/make" "cmTC_04afe/fast"]
  ignore line: [/usr/bin/make -f CMakeFiles/cmTC_04afe.dir/build.make CMakeFiles/cmTC_04afe.dir/build]
  ignore line: [make[1]: Entering directory '/home/sunbaiwan9527/test/0816/CMVS-PMVS-master/program/out/CMakeFiles/CMakeTmp']
  ignore line: [Building CXX object CMakeFiles/cmTC_04afe.dir/CMakeCXXCompilerABI.cpp.o]
  ignore line: [/usr/bin/c++      -o CMakeFiles/cmTC_04afe.dir/CMakeCXXCompilerABI.cpp.o -c /usr/share/cmake-3.5/Modules/CMakeCXXCompilerABI.cpp]
  ignore line: [Linking CXX executable cmTC_04afe]
  ignore line: [/usr/bin/cmake -E cmake_link_script CMakeFiles/cmTC_04afe.dir/link.txt --verbose=1]
  ignore line: [/usr/bin/c++       -v CMakeFiles/cmTC_04afe.dir/CMakeCXXCompilerABI.cpp.o  -o cmTC_04afe -rdynamic  ]
  ignore line: [Using built-in specs.]
  ignore line: [COLLECT_GCC=/usr/bin/c++]
  ignore line: [COLLECT_LTO_WRAPPER=/usr/lib/gcc/x86_64-linux-gnu/5/lto-wrapper]
  ignore line: [Target: x86_64-linux-gnu]
  ignore line: [Configured with: ../src/configure -v --with-pkgversion='Ubuntu 5.4.0-6ubuntu1~16.04.2' --with-bugurl=file:///usr/share/doc/gcc-5/README.Bugs --enable-languages=c,ada,c++,java,go,d,fortran,objc,obj-c++ --prefix=/usr --program-suffix=-5 --enable-shared --enable-linker-build-id --libexecdir=/usr/lib --without-included-gettext --enable-threads=posix --libdir=/usr/lib --enable-nls --with-sysroot=/ --enable-clocale=gnu --enable-libstdcxx-debug --enable-libstdcxx-time=yes --with-default-libstdcxx-abi=new --enable-gnu-unique-object --disable-vtable-verify --enable-libmpx --enable-plugin --with-system-zlib --disable-browser-plugin --enable-java-awt=gtk --enable-gtk-cairo --with-java-home=/usr/lib/jvm/java-1.5.0-gcj-5-amd64/jre --enable-java-home --with-jvm-root-dir=/usr/lib/jvm/java-1.5.0-gcj-5-amd64 --with-jvm-jar-dir=/usr/lib/jvm-exports/java-1.5.0-gcj-5-amd64 --with-arch-directory=amd64 --with-ecj-jar=/usr/share/java/eclipse-ecj.jar --enable-objc-gc --enable-multiarch --disable-werror --with-arch-32=i686 --with-abi=m64 --with-multilib-list=m32,m64,mx32 --enable-multilib --with-tune=generic --enable-checking=release --build=x86_64-linux-gnu --host=x86_64-linux-gnu --target=x86_64-linux-gnu]
  ignore line: [Thread model: posix]
  ignore line: [gcc version 5.4.0 20160609 (Ubuntu 5.4.0-6ubuntu1~16.04.2) ]
  ignore line: [COMPILER_PATH=/usr/lib/gcc/x86_64-linux-gnu/5/:/usr/lib/gcc/x86_64-linux-gnu/5/:/usr/lib/gcc/x86_64-linux-gnu/:/usr/lib/gcc/x86_64-linux-gnu/5/:/usr/lib/gcc/x86_64-linux-gnu/]
  ignore line: [LIBRARY_PATH=/usr/lib/gcc/x86_64-linux-gnu/5/:/usr/lib/gcc/x86_64-linux-gnu/5/../../../x86_64-linux-gnu/:/usr/lib/gcc/x86_64-linux-gnu/5/../../../../lib/:/lib/x86_64-linux-gnu/:/lib/../lib/:/usr/lib/x86_64-linux-gnu/:/usr/lib/../lib/:/usr/lib/gcc/x86_64-linux-gnu/5/../../../:/lib/:/usr/lib/]
  ignore line: [COLLECT_GCC_OPTIONS='-v' '-o' 'cmTC_04afe' '-rdynamic' '-shared-libgcc' '-mtune=generic' '-march=x86-64']
  link line: [ /usr/lib/gcc/x86_64-linux-gnu/5/collect2 -plugin /usr/lib/gcc/x86_64-linux-gnu/5/liblto_plugin.so -plugin-opt=/usr/lib/gcc/x86_64-linux-gnu/5/lto-wrapper -plugin-opt=-fresolution=/tmp/ccZ3YSpd.res -plugin-opt=-pass-through=-lgcc_s -plugin-opt=-pass-through=-lgcc -plugin-opt=-pass-through=-lc -plugin-opt=-pass-through=-lgcc_s -plugin-opt=-pass-through=-lgcc --sysroot=/ --build-id --eh-frame-hdr -m elf_x86_64 --hash-style=gnu --as-needed -export-dynamic -dynamic-linker /lib64/ld-linux-x86-64.so.2 -z relro -o cmTC_04afe /usr/lib/gcc/x86_64-linux-gnu/5/../../../x86_64-linux-gnu/crt1.o /usr/lib/gcc/x86_64-linux-gnu/5/../../../x86_64-linux-gnu/crti.o /usr/lib/gcc/x86_64-linux-gnu/5/crtbegin.o -L/usr/lib/gcc/x86_64-linux-gnu/5 -L/usr/lib/gcc/x86_64-linux-gnu/5/../../../x86_64-linux-gnu -L/usr/lib/gcc/x86_64-linux-gnu/5/../../../../lib -L/lib/x86_64-linux-gnu -L/lib/../lib -L/usr/lib/x86_64-linux-gnu -L/usr/lib/../lib -L/usr/lib/gcc/x86_64-linux-gnu/5/../../.. CMakeFiles/cmTC_04afe.dir/CMakeCXXCompilerABI.cpp.o -lstdc++ -lm -lgcc_s -lgcc -lc -lgcc_s -lgcc /usr/lib/gcc/x86_64-linux-gnu/5/crtend.o /usr/lib/gcc/x86_64-linux-gnu/5/../../../x86_64-linux-gnu/crtn.o]
    arg [/usr/lib/gcc/x86_64-linux-gnu/5/collect2] ==> ignore
    arg [-plugin] ==> ignore
    arg [/usr/lib/gcc/x86_64-linux-gnu/5/liblto_plugin.so] ==> ignore
    arg [-plugin-opt=/usr/lib/gcc/x86_64-linux-gnu/5/lto-wrapper] ==> ignore
    arg [-plugin-opt=-fresolution=/tmp/ccZ3YSpd.res] ==> ignore
    arg [-plugin-opt=-pass-through=-lgcc_s] ==> ignore
    arg [-plugin-opt=-pass-through=-lgcc] ==> ignore
    arg [-plugin-opt=-pass-through=-lc] ==> ignore
    arg [-plugin-opt=-pass-through=-lgcc_s] ==> ignore
    arg [-plugin-opt=-pass-through=-lgcc] ==> ignore
    arg [--sysroot=/] ==> ignore
    arg [--build-id] ==> ignore
    arg [--eh-frame-hdr] ==> ignore
    arg [-m] ==> ignore
    arg [elf_x86_64] ==> ignore
    arg [--hash-style=gnu] ==> ignore
    arg [--as-needed] ==> ignore
    arg [-export-dynamic] ==> ignore
    arg [-dynamic-linker] ==> ignore
    arg [/lib64/ld-linux-x86-64.so.2] ==> ignore
    arg [-zrelro] ==> ignore
    arg [-o] ==> ignore
    arg [cmTC_04afe] ==> ignore
    arg [/usr/lib/gcc/x86_64-linux-gnu/5/../../../x86_64-linux-gnu/crt1.o] ==> ignore
    arg [/usr/lib/gcc/x86_64-linux-gnu/5/../../../x86_64-linux-gnu/crti.o] ==> ignore
    arg [/usr/lib/gcc/x86_64-linux-gnu/5/crtbegin.o] ==> ignore
    arg [-L/usr/lib/gcc/x86_64-linux-gnu/5] ==> dir [/usr/lib/gcc/x86_64-linux-gnu/5]
    arg [-L/usr/lib/gcc/x86_64-linux-gnu/5/../../../x86_64-linux-gnu] ==> dir [/usr/lib/gcc/x86_64-linux-gnu/5/../../../x86_64-linux-gnu]
    arg [-L/usr/lib/gcc/x86_64-linux-gnu/5/../../../../lib] ==> dir [/usr/lib/gcc/x86_64-linux-gnu/5/../../../../lib]
    arg [-L/lib/x86_64-linux-gnu] ==> dir [/lib/x86_64-linux-gnu]
    arg [-L/lib/../lib] ==> dir [/lib/../lib]
    arg [-L/usr/lib/x86_64-linux-gnu] ==> dir [/usr/lib/x86_64-linux-gnu]
    arg [-L/usr/lib/../lib] ==> dir [/usr/lib/../lib]
    arg [-L/usr/lib/gcc/x86_64-linux-gnu/5/../../..] ==> dir [/usr/lib/gcc/x86_64-linux-gnu/5/../../..]
    arg [CMakeFiles/cmTC_04afe.dir/CMakeCXXCompilerABI.cpp.o] ==> ignore
    arg [-lstdc++] ==> lib [stdc++]
    arg [-lm] ==> lib [m]
    arg [-lgcc_s] ==> lib [gcc_s]
    arg [-lgcc] ==> lib [gcc]
    arg [-lc] ==> lib [c]
    arg [-lgcc_s] ==> lib [gcc_s]
    arg [-lgcc] ==> lib [gcc]
    arg [/usr/lib/gcc/x86_64-linux-gnu/5/crtend.o] ==> ignore
    arg [/usr/lib/gcc/x86_64-linux-gnu/5/../../../x86_64-linux-gnu/crtn.o] ==> ignore
  remove lib [gcc_s]
  remove lib [gcc]
  remove lib [gcc_s]
  remove lib [gcc]
  collapse library dir [/usr/lib/gcc/x86_64-linux-gnu/5] ==> [/usr/lib/gcc/x86_64-linux-gnu/5]
  collapse library dir [/usr/lib/gcc/x86_64-linux-gnu/5/../../../x86_64-linux-gnu] ==> [/usr/lib/x86_64-linux-gnu]
  collapse library dir [/usr/lib/gcc/x86_64-linux-gnu/5/../../../../lib] ==> [/usr/lib]
  collapse library dir [/lib/x86_64-linux-gnu] ==> [/lib/x86_64-linux-gnu]
  collapse library dir [/lib/../lib] ==> [/lib]
  collapse library dir [/usr/lib/x86_64-linux-gnu] ==> [/usr/lib/x86_64-linux-gnu]
  collapse library dir [/usr/lib/../lib] ==> [/usr/lib]
  collapse library dir [/usr/lib/gcc/x86_64-linux-gnu/5/../../..] ==> [/usr/lib]
  implicit libs: [stdc++;m;c]
  implicit dirs: [/usr/lib/gcc/x86_64-linux-gnu/5;/usr/lib/x86_64-linux-gnu;/usr/lib;/lib/x86_64-linux-gnu;/lib]
  implicit fwks: []




Detecting CXX [-std=c++14] compiler features compiled with the following output:
Change Dir: /home/sunbaiwan9527/test/0816/CMVS-PMVS-master/program/out/CMakeFiles/CMakeTmp

Run Build Command:"/usr/bin/make" "cmTC_51a75/fast"
/usr/bin/make -f CMakeFiles/cmTC_51a75.dir/build.make CMakeFiles/cmTC_51a75.dir/build
make[1]: Entering directory '/home/sunbaiwan9527/test/0816/CMVS-PMVS-master/program/out/CMakeFiles/CMakeTmp'
Building CXX object CMakeFiles/cmTC_51a75.dir/feature_tests.cxx.o
/usr/bin/c++     -std=c++14 -o CMakeFiles/cmTC_51a75.dir/feature_tests.cxx.o -c /home/sunbaiwan9527/test/0816/CMVS-PMVS-master/program/out/CMakeFiles/feature_tests.cxx
Linking CXX executable cmTC_51a75
/usr/bin/cmake -E cmake_link_script CMakeFiles/cmTC_51a75.dir/link.txt --verbose=1
/usr/bin/c++        CMakeFiles/cmTC_51a75.dir/feature_tests.cxx.o  -o cmTC_51a75 -rdynamic 
make[1]: Leaving directory '/home/sunbaiwan9527/test/0816/CMVS-PMVS-master/program/out/CMakeFiles/CMakeTmp'


    Feature record: CXX_FEATURE:1cxx_aggregate_default_initializers
    Feature record: CXX_FEATURE:1cxx_alias_templates
    Feature record: CXX_FEATURE:1cxx_alignas
    Feature record: CXX_FEATURE:1cxx_alignof
    Feature record: CXX_FEATURE:1cxx_attributes
    Feature record: CXX_FEATURE:1cxx_attribute_deprecated
    Feature record: CXX_FEATURE:1cxx_auto_type
    Feature record: CXX_FEATURE:1cxx_binary_literals
    Feature record: CXX_FEATURE:1cxx_constexpr
    Feature record: CXX_FEATURE:1cxx_contextual_conversions
    Feature record: CXX_FEATURE:1cxx_decltype
    Feature record: CXX_FEATURE:1cxx_decltype_auto
    Feature record: CXX_FEATURE:1cxx_decltype_incomplete_return_types
    Feature record: CXX_FEATURE:1cxx_default_function_template_args
    Feature record: CXX_FEATURE:1cxx_defaulted_functions
    Feature record: CXX_FEATURE:1cxx_defaulted_move_initializers
    Feature record: CXX_FEATURE:1cxx_delegating_constructors
    Feature record: CXX_FEATURE:1cxx_deleted_functions
    Feature record: CXX_FEATURE:1cxx_digit_separators
    Feature record: CXX_FEATURE:1cxx_enum_forward_declarations
    Feature record: CXX_FEATURE:1cxx_explicit_conversions
    Feature record: CXX_FEATURE:1cxx_extended_friend_declarations
    Feature record: CXX_FEATURE:1cxx_extern_templates
    Feature record: CXX_FEATURE:1cxx_final
    Feature record: CXX_FEATURE:1cxx_func_identifier
    Feature record: CXX_FEATURE:1cxx_generalized_initializers
    Feature record: CXX_FEATURE:1cxx_generic_lambdas
    Feature record: CXX_FEATURE:1cxx_inheriting_constructors
    Feature record: CXX_FEATURE:1cxx_inline_namespaces
    Feature record: CXX_FEATURE:1cxx_lambdas
    Feature record: CXX_FEATURE:1cxx_lambda_init_captures
    Feature record: CXX_FEATURE:1cxx_local_type_template_args
    Feature record: CXX_FEATURE:1cxx_long_long_type
    Feature record: CXX_FEATURE:1cxx_noexcept
    Feature record: CXX_FEATURE:1cxx_nonstatic_member_init
    Feature record: CXX_FEATURE:1cxx_nullptr
    Feature record: CXX_FEATURE:1cxx_override
    Feature record: CXX_FEATURE:1cxx_range_for
    Feature record: CXX_FEATURE:1cxx_raw_string_literals
    Feature record: CXX_FEATURE:1cxx_reference_qualified_functions
    Feature record: CXX_FEATURE:1cxx_relaxed_constexpr
    Feature record: CXX_FEATURE:1cxx_return_type_deduction
    Feature record: CXX_FEATURE:1cxx_right_angle_brackets
    Feature record: CXX_FEATURE:1cxx_rvalue_references
    Feature record: CXX_FEATURE:1cxx_sizeof_member
    Feature record: CXX_FEATURE:1cxx_static_assert
    Feature record: CXX_FEATURE:1cxx_strong_enums
    Feature record: CXX_FEATURE:1cxx_template_template_parameters
    Feature record: CXX_FEATURE:1cxx_thread_local
    Feature record: CXX_FEATURE:1cxx_trailing_return_types
    Feature record: CXX_FEATURE:1cxx_unicode_literals
    Feature record: CXX_FEATURE:1cxx_uniform_initialization
    Feature record: CXX_FEATURE:1cxx_unrestricted_unions
    Feature record: CXX_FEATURE:1cxx_user_literals
    Feature record: CXX_FEATURE:1cxx_variable_templates
    Feature record: CXX_FEATURE:1cxx_variadic_macros
    Feature record: CXX_FEATURE:1cxx_variadic_templates


Detecting CXX [-std=c++11] compiler features compiled with the following output:
Change Dir: /home/sunbaiwan9527/test/0816/CMVS-PMVS-master/program/out/CMakeFiles/CMakeTmp

Run Build Command:"/usr/bin/make" "cmTC_05130/fast"
/usr/bin/make -f CMakeFiles/cmTC_05130.dir/build.make CMakeFiles/cmTC_05130.dir/build
make[1]: Entering directory '/home/sunbaiwan9527/test/0816/CMVS-PMVS-master/program/out/CMakeFiles/CMakeTmp'
Building CXX object CMakeFiles/cmTC_05130.dir/feature_tests.cxx.o
/usr/bin/c++     -std=c++11 -o CMakeFiles/cmTC_05130.dir/feature_tests.cxx.o -c /home/sunbaiwan9527/test/0816/CMVS-PMVS-master/program/out/CMakeFiles/feature_tests.cxx
Linking CXX executable cmTC_05130
/usr/bin/cmake -E cmake_link_script CMakeFiles/cmTC_05130.dir/link.txt --verbose=1
/usr/bin/c++        CMakeFiles/cmTC_05130.dir/feature_tests.cxx.o  -o cmTC_05130 -rdynamic 
make[1]: Leaving directory '/home/sunbaiwan9527/test/0816/CMVS-PMVS-master/program/out/CMakeFiles/CMakeTmp'


    Feature record: CXX_FEATURE:0cxx_aggregate_default_initializers
    Feature record: CXX_FEATURE:1cxx_alias_templates
    Feature record: CXX_FEATURE:1cxx_alignas
    Feature record: CXX_FEATURE:1cxx_alignof
    Feature record: CXX_FEATURE:1cxx_attributes
    Feature record: CXX_FEATURE:0cxx_attribute_deprecated
    Feature record: CXX_FEATURE:1cxx_auto_type
    Feature record: CXX_FEATURE:0cxx_binary_literals
    Feature record: CXX_FEATURE:1cxx_constexpr
    Feature record: CXX_FEATURE:0cxx_contextual_conversions
    Feature record: CXX_FEATURE:1cxx_decltype
    Feature record: CXX_FEATURE:0cxx_decltype_auto
    Feature record: CXX_FEATURE:1cxx_decltype_incomplete_return_types
    Feature record: CXX_FEATURE:1cxx_default_function_template_args
    Feature record: CXX_FEATURE:1cxx_defaulted_functions
    Feature record: CXX_FEATURE:1cxx_defaulted_move_initializers
    Feature record: CXX_FEATURE:1cxx_delegating_constructors
    Feature record: CXX_FEATURE:1cxx_deleted_functions
    Feature record: CXX_FEATURE:0cxx_digit_separators
    Feature record: CXX_FEATURE:1cxx_enum_forward_declarations
    Feature record: CXX_FEATURE:1cxx_explicit_conversions
    Feature record: CXX_FEATURE:1cxx_extended_friend_declarations
    Feature record: CXX_FEATURE:1cxx_extern_templates
    Feature record: CXX_FEATURE:1cxx_final
    Feature record: CXX_FEATURE:1cxx_func_identifier
    Feature record: CXX_FEATURE:1cxx_generalized_initializers
    Feature record: CXX_FEATURE:0cxx_generic_lambdas
    Feature record: CXX_FEATURE:1cxx_inheriting_constructors
    Feature record: CXX_FEATURE:1cxx_inline_namespaces
    Feature record: CXX_FEATURE:1cxx_lambdas
    Feature record: CXX_FEATURE:0cxx_lambda_init_captures
    Feature record: CXX_FEATURE:1cxx_local_type_template_args
    Feature record: CXX_FEATURE:1cxx_long_long_type
    Feature record: CXX_FEATURE:1cxx_noexcept
    Feature record: CXX_FEATURE:1cxx_nonstatic_member_init
    Feature record: CXX_FEATURE:1cxx_nullptr
    Feature record: CXX_FEATURE:1cxx_override
    Feature record: CXX_FEATURE:1cxx_range_for
    Feature record: CXX_FEATURE:1cxx_raw_string_literals
    Feature record: CXX_FEATURE:1cxx_reference_qualified_functions
    Feature record: CXX_FEATURE:0cxx_relaxed_constexpr
    Feature record: CXX_FEATURE:0cxx_return_type_deduction
    Feature record: CXX_FEATURE:1cxx_right_angle_brackets
    Feature record: CXX_FEATURE:1cxx_rvalue_references
    Feature record: CXX_FEATURE:1cxx_sizeof_member
    Feature record: CXX_FEATURE:1cxx_static_assert
    Feature record: CXX_FEATURE:1cxx_strong_enums
    Feature record: CXX_FEATURE:1cxx_template_template_parameters
    Feature record: CXX_FEATURE:1cxx_thread_local
    Feature record: CXX_FEATURE:1cxx_trailing_return_types
    Feature record: CXX_FEATURE:1cxx_unicode_literals
    Feature record: CXX_FEATURE:1cxx_uniform_initialization
    Feature record: CXX_FEATURE:1cxx_unrestricted_unions
    Feature record: CXX_FEATURE:1cxx_user_literals
    Feature record: CXX_FEATURE:0cxx_variable_templates
    Feature record: CXX_FEATURE:1cxx_variadic_macros
    Feature record: CXX_FEATURE:1cxx_variadic_templates


Detecting CXX [-std=c++98] compiler features compiled with the following output:
Change Dir: /home/sunbaiwan9527/test/0816/CMVS-PMVS-master/program/out/CMakeFiles/CMakeTmp

Run Build Command:"/usr/bin/make" "cmTC_14777/fast"
/usr/bin/make -f CMakeFiles/cmTC_14777.dir/build.make CMakeFiles/cmTC_14777.dir/build
make[1]: Entering directory '/home/sunbaiwan9527/test/0816/CMVS-PMVS-master/program/out/CMakeFiles/CMakeTmp'
Building CXX object CMakeFiles/cmTC_14777.dir/feature_tests.cxx.o
/usr/bin/c++     -std=c++98 -o CMakeFiles/cmTC_14777.dir/feature_tests.cxx.o -c /home/sunbaiwan9527/test/0816/CMVS-PMVS-master/program/out/CMakeFiles/feature_tests.cxx
Linking CXX executable cmTC_14777
/usr/bin/cmake -E cmake_link_script CMakeFiles/cmTC_14777.dir/link.txt --verbose=1
/usr/bin/c++        CMakeFiles/cmTC_14777.dir/feature_tests.cxx.o  -o cmTC_14777 -rdynamic 
make[1]: Leaving directory '/home/sunbaiwan9527/test/0816/CMVS-PMVS-master/program/out/CMakeFiles/CMakeTmp'


    Feature record: CXX_FEATURE:0cxx_aggregate_default_initializers
    Feature record: CXX_FEATURE:0cxx_alias_templates
    Feature record: CXX_FEATURE:0cxx_alignas
    Feature record: CXX_FEATURE:0cxx_alignof
    Feature record: CXX_FEATURE:0cxx_attributes
    Feature record: CXX_FEATURE:0cxx_attribute_deprecated
    Feature record: CXX_FEATURE:0cxx_auto_type
    Feature record: CXX_FEATURE:0cxx_binary_literals
    Feature record: CXX_FEATURE:0cxx_constexpr
    Feature record: CXX_FEATURE:0cxx_contextual_conversions
    Feature record: CXX_FEATURE:0cxx_decltype
    Feature record: CXX_FEATURE:0cxx_decltype_auto
    Feature record: CXX_FEATURE:0cxx_decltype_incomplete_return_types
    Feature record: CXX_FEATURE:0cxx_default_function_template_args
    Feature record: CXX_FEATURE:0cxx_defaulted_functions
    Feature record: CXX_FEATURE:0cxx_defaulted_move_initializers
    Feature record: CXX_FEATURE:0cxx_delegating_constructors
    Feature record: CXX_FEATURE:0cxx_deleted_functions
    Feature record: CXX_FEATURE:0cxx_digit_separators
    Feature record: CXX_FEATURE:0cxx_enum_forward_declarations
    Feature record: CXX_FEATURE:0cxx_explicit_conversions
    Feature record: CXX_FEATURE:0cxx_extended_friend_declarations
    Feature record: CXX_FEATURE:0cxx_extern_templates
    Feature record: CXX_FEATURE:0cxx_final
    Feature record: CXX_FEATURE:0cxx_func_identifier
    Feature record: CXX_FEATURE:0cxx_generalized_initializers
    Feature record: CXX_FEATURE:0cxx_generic_lambdas
    Feature record: CXX_FEATURE:0cxx_inheriting_constructors
    Feature record: CXX_FEATURE:0cxx_inline_namespaces
    Feature record: CXX_FEATURE:0cxx_lambdas
    Feature record: CXX_FEATURE:0cxx_lambda_init_captures
    Feature record: CXX_FEATURE:0cxx_local_type_template_args
    Feature record: CXX_FEATURE:0cxx_long_long_type
    Feature record: CXX_FEATURE:0cxx_noexcept
    Feature record: CXX_FEATURE:0cxx_nonstatic_member_init
    Feature record: CXX_FEATURE:0cxx_nullptr
    Feature record: CXX_FEATURE:0cxx_override
    Feature record: CXX_FEATURE:0cxx_range_for
    Feature record: CXX_FEATURE:0cxx_raw_string_literals
    Feature record: CXX_FEATURE:0cxx_reference_qualified_functions
    Feature record: CXX_FEATURE:0cxx_relaxed_constexpr
    Feature record: CXX_FEATURE:0cxx_return_type_deduction
    Feature record: CXX_FEATURE:0cxx_right_angle_brackets
    Feature record: CXX_FEATURE:0cxx_rvalue_references
    Feature record: CXX_FEATURE:0cxx_sizeof_member
    Feature record: CXX_FEATURE:0cxx_static_assert
    Feature record: CXX_FEATURE:0cxx_strong_enums
    Feature record: CXX_FEATURE:1cxx_template_template_parameters
    Feature record: CXX_FEATURE:0cxx_thread_local
    Feature record: CXX_FEATURE:0cxx_trailing_return_types
    Feature record: CXX_FEATURE:0cxx_unicode_literals
    Feature record: CXX_FEATURE:0cxx_uniform_initialization
    Feature record: CXX_FEATURE:0cxx_unrestricted_unions
    Feature record: CXX_FEATURE:0cxx_user_literals
    Feature record: CXX_FEATURE:0cxx_variable_templates
    Feature record: CXX_FEATURE:0cxx_variadic_macros
    Feature record: CXX_FEATURE:0cxx_variadic_templates
Determining if the include file pthread.h exists passed with the following output:
Change Dir: /home/sunbaiwan9527/test/0816/CMVS-PMVS-master/program/out/CMakeFiles/CMakeTmp

Run Build Command:"/usr/bin/make" "cmTC_64c1f/fast"
/usr/bin/make -f CMakeFiles/cmTC_64c1f.dir/build.make CMakeFiles/cmTC_64c1f.dir/build
make[1]: Entering directory '/home/sunbaiwan9527/test/0816/CMVS-PMVS-master/program/out/CMakeFiles/CMakeTmp'
Building C object CMakeFiles/cmTC_64c1f.dir/CheckIncludeFile.c.o
/usr/bin/cc     -o CMakeFiles/cmTC_64c1f.dir/CheckIncludeFile.c.o   -c /home/sunbaiwan9527/test/0816/CMVS-PMVS-master/program/out/CMakeFiles/CMakeTmp/CheckIncludeFile.c
Linking C executable cmTC_64c1f
/usr/bin/cmake -E cmake_link_script CMakeFiles/cmTC_64c1f.dir/link.txt --verbose=1
/usr/bin/cc       CMakeFiles/cmTC_64c1f.dir/CheckIncludeFile.c.o  -o cmTC_64c1f -rdynamic 
make[1]: Leaving directory '/home/sunbaiwan9527/test/0816/CMVS-PMVS-master/program/out/CMakeFiles/CMakeTmp'


Determining if the function pthread_create exists in the pthread passed with the following output:
Change Dir: /home/sunbaiwan9527/test/0816/CMVS-PMVS-master/program/out/CMakeFiles/CMakeTmp

Run Build Command:"/usr/bin/make" "cmTC_5181c/fast"
/usr/bin/make -f CMakeFiles/cmTC_5181c.dir/build.make CMakeFiles/cmTC_5181c.dir/build
make[1]: Entering directory '/home/sunbaiwan9527/test/0816/CMVS-PMVS-master/program/out/CMakeFiles/CMakeTmp'
Building C object CMakeFiles/cmTC_5181c.dir/CheckFunctionExists.c.o
/usr/bin/cc    -DCHECK_FUNCTION_EXISTS=pthread_create   -o CMakeFiles/cmTC_5181c.dir/CheckFunctionExists.c.o   -c /usr/share/cmake-3.5/Modules/CheckFunctionExists.c
Linking C executable cmTC_5181c
/usr/bin/cmake -E cmake_link_script CMakeFiles/cmTC_5181c.dir/link.txt --verbose=1
/usr/bin/cc   -DCHECK_FUNCTION_EXISTS=pthread_create    CMakeFiles/cmTC_5181c.dir/CheckFunctionExists.c.o  -o cmTC_5181c -rdynamic -lpthread 
make[1]: Leaving directory '/home/sunbaiwan9527/test/0816/CMVS-PMVS-master/program/out/CMakeFiles/CMakeTmp'


Determining if files unistd.h exist passed with the following output:
Change Dir: /home/sunbaiwan9527/test/0816/CMVS-PMVS-master/program/out/CMakeFiles/CMakeTmp

Run Build Command:"/usr/bin/make" "cmTC_6dc11/fast"
/usr/bin/make -f CMakeFiles/cmTC_6dc11.dir/build.make CMakeFiles/cmTC_6dc11.dir/build
make[1]: Entering directory '/home/sunbaiwan9527/test/0816/CMVS-PMVS-master/program/out/CMakeFiles/CMakeTmp'
Building C object CMakeFiles/cmTC_6dc11.dir/CheckIncludeFiles.c.o
/usr/bin/cc     -o CMakeFiles/cmTC_6dc11.dir/CheckIncludeFiles.c.o   -c /home/sunbaiwan9527/test/0816/CMVS-PMVS-master/program/out/CMakeFiles/CMakeTmp/CheckIncludeFiles.c
Linking C executable cmTC_6dc11
/usr/bin/cmake -E cmake_link_script CMakeFiles/cmTC_6dc11.dir/link.txt --verbose=1
/usr/bin/cc       CMakeFiles/cmTC_6dc11.dir/CheckIncludeFiles.c.o  -o cmTC_6dc11 -rdynamic 
make[1]: Leaving directory '/home/sunbaiwan9527/test/0816/CMVS-PMVS-master/program/out/CMakeFiles/CMakeTmp'


Determining if files string.h exist passed with the following output:
Change Dir: /home/sunbaiwan9527/test/0816/CMVS-PMVS-master/program/out/CMakeFiles/CMakeTmp

Run Build Command:"/usr/bin/make" "cmTC_b5b63/fast"
/usr/bin/make -f CMakeFiles/cmTC_b5b63.dir/build.make CMakeFiles/cmTC_b5b63.dir/build
make[1]: Entering directory '/home/sunbaiwan9527/test/0816/CMVS-PMVS-master/program/out/CMakeFiles/CMakeTmp'
Building C object CMakeFiles/cmTC_b5b63.dir/CheckIncludeFiles.c.o
/usr/bin/cc     -o CMakeFiles/cmTC_b5b63.dir/CheckIncludeFiles.c.o   -c /home/sunbaiwan9527/test/0816/CMVS-PMVS-master/program/out/CMakeFiles/CMakeTmp/CheckIncludeFiles.c
Linking C executable cmTC_b5b63
/usr/bin/cmake -E cmake_link_script CMakeFiles/cmTC_b5b63.dir/link.txt --verbose=1
/usr/bin/cc       CMakeFiles/cmTC_b5b63.dir/CheckIncludeFiles.c.o  -o cmTC_b5b63 -rdynamic 
make[1]: Leaving directory '/home/sunbaiwan9527/test/0816/CMVS-PMVS-master/program/out/CMakeFiles/CMakeTmp'


Determining if files strings.h exist passed with the following output:
Change Dir: /home/sunbaiwan9527/test/0816/CMVS-PMVS-master/program/out/CMakeFiles/CMakeTmp

Run Build Command:"/usr/bin/make" "cmTC_960d7/fast"
/usr/bin/make -f CMakeFiles/cmTC_960d7.dir/build.make CMakeFiles/cmTC_960d7.dir/build
make[1]: Entering directory '/home/sunbaiwan9527/test/0816/CMVS-PMVS-master/program/out/CMakeFiles/CMakeTmp'
Building C object CMakeFiles/cmTC_960d7.dir/CheckIncludeFiles.c.o
/usr/bin/cc     -o CMakeFiles/cmTC_960d7.dir/CheckIncludeFiles.c.o   -c /home/sunbaiwan9527/test/0816/CMVS-PMVS-master/program/out/CMakeFiles/CMakeTmp/CheckIncludeFiles.c
Linking C executable cmTC_960d7
/usr/bin/cmake -E cmake_link_script CMakeFiles/cmTC_960d7.dir/link.txt --verbose=1
/usr/bin/cc       CMakeFiles/cmTC_960d7.dir/CheckIncludeFiles.c.o  -o cmTC_960d7 -rdynamic 
make[1]: Leaving directory '/home/sunbaiwan9527/test/0816/CMVS-PMVS-master/program/out/CMakeFiles/CMakeTmp'


Determining if files sys/stat.h exist passed with the following output:
Change Dir: /home/sunbaiwan9527/test/0816/CMVS-PMVS-master/program/out/CMakeFiles/CMakeTmp

Run Build Command:"/usr/bin/make" "cmTC_bb0f4/fast"
/usr/bin/make -f CMakeFiles/cmTC_bb0f4.dir/build.make CMakeFiles/cmTC_bb0f4.dir/build
make[1]: Entering directory '/home/sunbaiwan9527/test/0816/CMVS-PMVS-master/program/out/CMakeFiles/CMakeTmp'
Building C object CMakeFiles/cmTC_bb0f4.dir/CheckIncludeFiles.c.o
/usr/bin/cc     -o CMakeFiles/cmTC_bb0f4.dir/CheckIncludeFiles.c.o   -c /home/sunbaiwan9527/test/0816/CMVS-PMVS-master/program/out/CMakeFiles/CMakeTmp/CheckIncludeFiles.c
Linking C executable cmTC_bb0f4
/usr/bin/cmake -E cmake_link_script CMakeFiles/cmTC_bb0f4.dir/link.txt --verbose=1
/usr/bin/cc       CMakeFiles/cmTC_bb0f4.dir/CheckIncludeFiles.c.o  -o cmTC_bb0f4 -rdynamic 
make[1]: Leaving directory '/home/sunbaiwan9527/test/0816/CMVS-PMVS-master/program/out/CMakeFiles/CMakeTmp'


Determining if files inttypes.h exist passed with the following output:
Change Dir: /home/sunbaiwan9527/test/0816/CMVS-PMVS-master/program/out/CMakeFiles/CMakeTmp

Run Build Command:"/usr/bin/make" "cmTC_76076/fast"
/usr/bin/make -f CMakeFiles/cmTC_76076.dir/build.make CMakeFiles/cmTC_76076.dir/build
make[1]: Entering directory '/home/sunbaiwan9527/test/0816/CMVS-PMVS-master/program/out/CMakeFiles/CMakeTmp'
Building C object CMakeFiles/cmTC_76076.dir/CheckIncludeFiles.c.o
/usr/bin/cc     -o CMakeFiles/cmTC_76076.dir/CheckIncludeFiles.c.o   -c /home/sunbaiwan9527/test/0816/CMVS-PMVS-master/program/out/CMakeFiles/CMakeTmp/CheckIncludeFiles.c
Linking C executable cmTC_76076
/usr/bin/cmake -E cmake_link_script CMakeFiles/cmTC_76076.dir/link.txt --verbose=1
/usr/bin/cc       CMakeFiles/cmTC_76076.dir/CheckIncludeFiles.c.o  -o cmTC_76076 -rdynamic 
make[1]: Leaving directory '/home/sunbaiwan9527/test/0816/CMVS-PMVS-master/program/out/CMakeFiles/CMakeTmp'


Determining if files memory.h exist passed with the following output:
Change Dir: /home/sunbaiwan9527/test/0816/CMVS-PMVS-master/program/out/CMakeFiles/CMakeTmp

Run Build Command:"/usr/bin/make" "cmTC_bf411/fast"
/usr/bin/make -f CMakeFiles/cmTC_bf411.dir/build.make CMakeFiles/cmTC_bf411.dir/build
make[1]: Entering directory '/home/sunbaiwan9527/test/0816/CMVS-PMVS-master/program/out/CMakeFiles/CMakeTmp'
Building C object CMakeFiles/cmTC_bf411.dir/CheckIncludeFiles.c.o
/usr/bin/cc     -o CMakeFiles/cmTC_bf411.dir/CheckIncludeFiles.c.o   -c /home/sunbaiwan9527/test/0816/CMVS-PMVS-master/program/out/CMakeFiles/CMakeTmp/CheckIncludeFiles.c
Linking C executable cmTC_bf411
/usr/bin/cmake -E cmake_link_script CMakeFiles/cmTC_bf411.dir/link.txt --verbose=1
/usr/bin/cc       CMakeFiles/cmTC_bf411.dir/CheckIncludeFiles.c.o  -o cmTC_bf411 -rdynamic 
make[1]: Leaving directory '/home/sunbaiwan9527/test/0816/CMVS-PMVS-master/program/out/CMakeFiles/CMakeTmp'


Determining if files stdlib.h exist passed with the following output:
Change Dir: /home/sunbaiwan9527/test/0816/CMVS-PMVS-master/program/out/CMakeFiles/CMakeTmp

Run Build Command:"/usr/bin/make" "cmTC_b2b05/fast"
/usr/bin/make -f CMakeFiles/cmTC_b2b05.dir/build.make CMakeFiles/cmTC_b2b05.dir/build
make[1]: Entering directory '/home/sunbaiwan9527/test/0816/CMVS-PMVS-master/program/out/CMakeFiles/CMakeTmp'
Building C object CMakeFiles/cmTC_b2b05.dir/CheckIncludeFiles.c.o
/usr/bin/cc     -o CMakeFiles/cmTC_b2b05.dir/CheckIncludeFiles.c.o   -c /home/sunbaiwan9527/test/0816/CMVS-PMVS-master/program/out/CMakeFiles/CMakeTmp/CheckIncludeFiles.c
Linking C executable cmTC_b2b05
/usr/bin/cmake -E cmake_link_script CMakeFiles/cmTC_b2b05.dir/link.txt --verbose=1
/usr/bin/cc       CMakeFiles/cmTC_b2b05.dir/CheckIncludeFiles.c.o  -o cmTC_b2b05 -rdynamic 
make[1]: Leaving directory '/home/sunbaiwan9527/test/0816/CMVS-PMVS-master/program/out/CMakeFiles/CMakeTmp'


Determining if files stdint.h exist passed with the following output:
Change Dir: /home/sunbaiwan9527/test/0816/CMVS-PMVS-master/program/out/CMakeFiles/CMakeTmp

Run Build Command:"/usr/bin/make" "cmTC_39e2d/fast"
/usr/bin/make -f CMakeFiles/cmTC_39e2d.dir/build.make CMakeFiles/cmTC_39e2d.dir/build
make[1]: Entering directory '/home/sunbaiwan9527/test/0816/CMVS-PMVS-master/program/out/CMakeFiles/CMakeTmp'
Building C object CMakeFiles/cmTC_39e2d.dir/CheckIncludeFiles.c.o
/usr/bin/cc     -o CMakeFiles/cmTC_39e2d.dir/CheckIncludeFiles.c.o   -c /home/sunbaiwan9527/test/0816/CMVS-PMVS-master/program/out/CMakeFiles/CMakeTmp/CheckIncludeFiles.c
Linking C executable cmTC_39e2d
/usr/bin/cmake -E cmake_link_script CMakeFiles/cmTC_39e2d.dir/link.txt --verbose=1
/usr/bin/cc       CMakeFiles/cmTC_39e2d.dir/CheckIncludeFiles.c.o  -o cmTC_39e2d -rdynamic 
make[1]: Leaving directory '/home/sunbaiwan9527/test/0816/CMVS-PMVS-master/program/out/CMakeFiles/CMakeTmp'


Determining if files sys/types.h exist passed with the following output:
Change Dir: /home/sunbaiwan9527/test/0816/CMVS-PMVS-master/program/out/CMakeFiles/CMakeTmp

Run Build Command:"/usr/bin/make" "cmTC_b1e1f/fast"
/usr/bin/make -f CMakeFiles/cmTC_b1e1f.dir/build.make CMakeFiles/cmTC_b1e1f.dir/build
make[1]: Entering directory '/home/sunbaiwan9527/test/0816/CMVS-PMVS-master/program/out/CMakeFiles/CMakeTmp'
Building C object CMakeFiles/cmTC_b1e1f.dir/CheckIncludeFiles.c.o
/usr/bin/cc     -o CMakeFiles/cmTC_b1e1f.dir/CheckIncludeFiles.c.o   -c /home/sunbaiwan9527/test/0816/CMVS-PMVS-master/program/out/CMakeFiles/CMakeTmp/CheckIncludeFiles.c
Linking C executable cmTC_b1e1f
/usr/bin/cmake -E cmake_link_script CMakeFiles/cmTC_b1e1f.dir/link.txt --verbose=1
/usr/bin/cc       CMakeFiles/cmTC_b1e1f.dir/CheckIncludeFiles.c.o  -o cmTC_b1e1f -rdynamic 
make[1]: Leaving directory '/home/sunbaiwan9527/test/0816/CMVS-PMVS-master/program/out/CMakeFiles/CMakeTmp'


Determining if the function isinf exists passed with the following output:
Change Dir: /home/sunbaiwan9527/test/0816/CMVS-PMVS-master/program/out/CMakeFiles/CMakeTmp

Run Build Command:"/usr/bin/make" "cmTC_dce85/fast"
/usr/bin/make -f CMakeFiles/cmTC_dce85.dir/build.make CMakeFiles/cmTC_dce85.dir/build
make[1]: Entering directory '/home/sunbaiwan9527/test/0816/CMVS-PMVS-master/program/out/CMakeFiles/CMakeTmp'
Building C object CMakeFiles/cmTC_dce85.dir/CheckFunctionExists.c.o
/usr/bin/cc    -DCHECK_FUNCTION_EXISTS=isinf   -o CMakeFiles/cmTC_dce85.dir/CheckFunctionExists.c.o   -c /usr/share/cmake-3.5/Modules/CheckFunctionExists.c
<command-line>:0:23: warning: conflicting types for built-in function isinf
/usr/share/cmake-3.5/Modules/CheckFunctionExists.c:6:6: note: in expansion of macro CHECK_FUNCTION_EXISTS
 char CHECK_FUNCTION_EXISTS();
      ^
Linking C executable cmTC_dce85
/usr/bin/cmake -E cmake_link_script CMakeFiles/cmTC_dce85.dir/link.txt --verbose=1
/usr/bin/cc   -DCHECK_FUNCTION_EXISTS=isinf    CMakeFiles/cmTC_dce85.dir/CheckFunctionExists.c.o  -o cmTC_dce85 -rdynamic 
make[1]: Leaving directory '/home/sunbaiwan9527/test/0816/CMVS-PMVS-master/program/out/CMakeFiles/CMakeTmp'


Determining if the function isinf exists passed with the following output:
Change Dir: /home/sunbaiwan9527/test/0816/CMVS-PMVS-master/program/out/CMakeFiles/CMakeTmp

Run Build Command:"/usr/bin/make" "cmTC_8622d/fast"
/usr/bin/make -f CMakeFiles/cmTC_8622d.dir/build.make CMakeFiles/cmTC_8622d.dir/build
make[1]: Entering directory '/home/sunbaiwan9527/test/0816/CMVS-PMVS-master/program/out/CMakeFiles/CMakeTmp'
Building C object CMakeFiles/cmTC_8622d.dir/CheckFunctionExists.c.o
/usr/bin/cc    -DCHECK_FUNCTION_EXISTS=isinf   -o CMakeFiles/cmTC_8622d.dir/CheckFunctionExists.c.o   -c /usr/share/cmake-3.5/Modules/CheckFunctionExists.c
<command-line>:0:23: warning: conflicting types for built-in function isinf
/usr/share/cmake-3.5/Modules/CheckFunctionExists.c:6:6: note: in expansion of macro CHECK_FUNCTION_EXISTS
 char CHECK_FUNCTION_EXISTS();
      ^
Linking C executable cmTC_8622d
/usr/bin/cmake -E cmake_link_script CMakeFiles/cmTC_8622d.dir/link.txt --verbose=1
/usr/bin/cc   -DCHECK_FUNCTION_EXISTS=isinf    CMakeFiles/cmTC_8622d.dir/CheckFunctionExists.c.o  -o cmTC_8622d -rdynamic 
make[1]: Leaving directory '/home/sunbaiwan9527/test/0816/CMVS-PMVS-master/program/out/CMakeFiles/CMakeTmp'


Determining if the function gettimeofday exists passed with the following output:
Change Dir: /home/sunbaiwan9527/test/0816/CMVS-PMVS-master/program/out/CMakeFiles/CMakeTmp

Run Build Command:"/usr/bin/make" "cmTC_dc6ad/fast"
/usr/bin/make -f CMakeFiles/cmTC_dc6ad.dir/build.make CMakeFiles/cmTC_dc6ad.dir/build
make[1]: Entering directory '/home/sunbaiwan9527/test/0816/CMVS-PMVS-master/program/out/CMakeFiles/CMakeTmp'
Building C object CMakeFiles/cmTC_dc6ad.dir/CheckFunctionExists.c.o
/usr/bin/cc    -DCHECK_FUNCTION_EXISTS=gettimeofday   -o CMakeFiles/cmTC_dc6ad.dir/CheckFunctionExists.c.o   -c /usr/share/cmake-3.5/Modules/CheckFunctionExists.c
Linking C executable cmTC_dc6ad
/usr/bin/cmake -E cmake_link_script CMakeFiles/cmTC_dc6ad.dir/link.txt --verbose=1
/usr/bin/cc   -DCHECK_FUNCTION_EXISTS=gettimeofday    CMakeFiles/cmTC_dc6ad.dir/CheckFunctionExists.c.o  -o cmTC_dc6ad -rdynamic 
make[1]: Leaving directory '/home/sunbaiwan9527/test/0816/CMVS-PMVS-master/program/out/CMakeFiles/CMakeTmp'


Determining if the function qsort_r exists passed with the following output:
Change Dir: /home/sunbaiwan9527/test/0816/CMVS-PMVS-master/program/out/CMakeFiles/CMakeTmp

Run Build Command:"/usr/bin/make" "cmTC_174b8/fast"
/usr/bin/make -f CMakeFiles/cmTC_174b8.dir/build.make CMakeFiles/cmTC_174b8.dir/build
make[1]: Entering directory '/home/sunbaiwan9527/test/0816/CMVS-PMVS-master/program/out/CMakeFiles/CMakeTmp'
Building C object CMakeFiles/cmTC_174b8.dir/CheckFunctionExists.c.o
/usr/bin/cc    -DCHECK_FUNCTION_EXISTS=qsort_r   -o CMakeFiles/cmTC_174b8.dir/CheckFunctionExists.c.o   -c /usr/share/cmake-3.5/Modules/CheckFunctionExists.c
Linking C executable cmTC_174b8
/usr/bin/cmake -E cmake_link_script CMakeFiles/cmTC_174b8.dir/link.txt --verbose=1
/usr/bin/cc   -DCHECK_FUNCTION_EXISTS=qsort_r    CMakeFiles/cmTC_174b8.dir/CheckFunctionExists.c.o  -o cmTC_174b8 -rdynamic 
make[1]: Leaving directory '/home/sunbaiwan9527/test/0816/CMVS-PMVS-master/program/out/CMakeFiles/CMakeTmp'


Determining if the function time exists passed with the following output:
Change Dir: /home/sunbaiwan9527/test/0816/CMVS-PMVS-master/program/out/CMakeFiles/CMakeTmp

Run Build Command:"/usr/bin/make" "cmTC_23a9c/fast"
/usr/bin/make -f CMakeFiles/cmTC_23a9c.dir/build.make CMakeFiles/cmTC_23a9c.dir/build
make[1]: Entering directory '/home/sunbaiwan9527/test/0816/CMVS-PMVS-master/program/out/CMakeFiles/CMakeTmp'
Building C object CMakeFiles/cmTC_23a9c.dir/CheckFunctionExists.c.o
/usr/bin/cc    -DCHECK_FUNCTION_EXISTS=time   -o CMakeFiles/cmTC_23a9c.dir/CheckFunctionExists.c.o   -c /usr/share/cmake-3.5/Modules/CheckFunctionExists.c
Linking C executable cmTC_23a9c
/usr/bin/cmake -E cmake_link_script CMakeFiles/cmTC_23a9c.dir/link.txt --verbose=1
/usr/bin/cc   -DCHECK_FUNCTION_EXISTS=time    CMakeFiles/cmTC_23a9c.dir/CheckFunctionExists.c.o  -o cmTC_23a9c -rdynamic 
make[1]: Leaving directory '/home/sunbaiwan9527/test/0816/CMVS-PMVS-master/program/out/CMakeFiles/CMakeTmp'


Determining if the function copysign exists passed with the following output:
Change Dir: /home/sunbaiwan9527/test/0816/CMVS-PMVS-master/program/out/CMakeFiles/CMakeTmp

Run Build Command:"/usr/bin/make" "cmTC_480bd/fast"
/usr/bin/make -f CMakeFiles/cmTC_480bd.dir/build.make CMakeFiles/cmTC_480bd.dir/build
make[1]: Entering directory '/home/sunbaiwan9527/test/0816/CMVS-PMVS-master/program/out/CMakeFiles/CMakeTmp'
Building C object CMakeFiles/cmTC_480bd.dir/CheckFunctionExists.c.o
/usr/bin/cc    -DCHECK_FUNCTION_EXISTS=copysign   -o CMakeFiles/cmTC_480bd.dir/CheckFunctionExists.c.o   -c /usr/share/cmake-3.5/Modules/CheckFunctionExists.c
<command-line>:0:23: warning: conflicting types for built-in function copysign
/usr/share/cmake-3.5/Modules/CheckFunctionExists.c:6:6: note: in expansion of macro CHECK_FUNCTION_EXISTS
 char CHECK_FUNCTION_EXISTS();
      ^
Linking C executable cmTC_480bd
/usr/bin/cmake -E cmake_link_script CMakeFiles/cmTC_480bd.dir/link.txt --verbose=1
/usr/bin/cc   -DCHECK_FUNCTION_EXISTS=copysign    CMakeFiles/cmTC_480bd.dir/CheckFunctionExists.c.o  -o cmTC_480bd -rdynamic 
make[1]: Leaving directory '/home/sunbaiwan9527/test/0816/CMVS-PMVS-master/program/out/CMakeFiles/CMakeTmp'


Determining if the include file stddef.h exists passed with the following output:
Change Dir: /home/sunbaiwan9527/test/0816/CMVS-PMVS-master/program/out/CMakeFiles/CMakeTmp

Run Build Command:"/usr/bin/make" "cmTC_d94ce/fast"
/usr/bin/make -f CMakeFiles/cmTC_d94ce.dir/build.make CMakeFiles/cmTC_d94ce.dir/build
make[1]: Entering directory '/home/sunbaiwan9527/test/0816/CMVS-PMVS-master/program/out/CMakeFiles/CMakeTmp'
Building C object CMakeFiles/cmTC_d94ce.dir/CheckIncludeFile.c.o
/usr/bin/cc     -o CMakeFiles/cmTC_d94ce.dir/CheckIncludeFile.c.o   -c /home/sunbaiwan9527/test/0816/CMVS-PMVS-master/program/out/CMakeFiles/CMakeTmp/CheckIncludeFile.c
Linking C executable cmTC_d94ce
/usr/bin/cmake -E cmake_link_script CMakeFiles/cmTC_d94ce.dir/link.txt --verbose=1
/usr/bin/cc       CMakeFiles/cmTC_d94ce.dir/CheckIncludeFile.c.o  -o cmTC_d94ce -rdynamic 
make[1]: Leaving directory '/home/sunbaiwan9527/test/0816/CMVS-PMVS-master/program/out/CMakeFiles/CMakeTmp'


Determining size of uint32_t passed with the following output:
Change Dir: /home/sunbaiwan9527/test/0816/CMVS-PMVS-master/program/out/CMakeFiles/CMakeTmp

Run Build Command:"/usr/bin/make" "cmTC_16c43/fast"
/usr/bin/make -f CMakeFiles/cmTC_16c43.dir/build.make CMakeFiles/cmTC_16c43.dir/build
make[1]: Entering directory '/home/sunbaiwan9527/test/0816/CMVS-PMVS-master/program/out/CMakeFiles/CMakeTmp'
Building C object CMakeFiles/cmTC_16c43.dir/UINT32_T.c.o
/usr/bin/cc     -o CMakeFiles/cmTC_16c43.dir/UINT32_T.c.o   -c /home/sunbaiwan9527/test/0816/CMVS-PMVS-master/program/out/CMakeFiles/CheckTypeSize/UINT32_T.c
Linking C executable cmTC_16c43
/usr/bin/cmake -E cmake_link_script CMakeFiles/cmTC_16c43.dir/link.txt --verbose=1
/usr/bin/cc       CMakeFiles/cmTC_16c43.dir/UINT32_T.c.o  -o cmTC_16c43 -rdynamic 
make[1]: Leaving directory '/home/sunbaiwan9527/test/0816/CMVS-PMVS-master/program/out/CMakeFiles/CMakeTmp'


